#-----------------------------------------------------------
# Vivado v2020.2 (64-bit)
# SW Build 3064766 on Wed Nov 18 09:12:45 MST 2020
# IP Build 3064653 on Wed Nov 18 14:17:31 MST 2020
# Start of session at: Thu Dec 23 09:46:38 2021
# Process ID: 12912
# Current directory: H:/000 Term 8 000/lineencode
# Command line: vivado.exe -gui_launcher_event rodinguilauncherevent25872 H:\000 Term 8 000\lineencode\lineencode.xpr
# Log file: H:/000 Term 8 000/lineencode/vivado.log
# Journal file: H:/000 Term 8 000/lineencode\vivado.jou
#-----------------------------------------------------------
start_gui
open_project {H:/000 Term 8 000/lineencode/lineencode.xpr}
INFO: [Project 1-313] Project file moved from 'D:/000 Term 8 000/lineencode' since last save.
WARNING: [filemgmt 56-2] Default IP Output Path : Could not find the directory 'H:/000 Term 8 000/lineencode/lineencode.gen/sources_1', nor could it be found using path 'D:/000 Term 8 000/lineencode/lineencode.gen/sources_1'.
Scanning sources...
Finished scanning sources
INFO: [IP_Flow 19-234] Refreshing IP repositories
INFO: [IP_Flow 19-1704] No user IP repositories specified
INFO: [IP_Flow 19-2313] Loaded Vivado IP repository 'D:/Xilinx/Vivado/2020.2/data/ip'.
open_project: Time (s): cpu = 00:00:46 ; elapsed = 00:00:40 . Memory (MB): peak = 1125.980 ; gain = 0.000
update_compile_order -fileset sources_1
exit
INFO: [Common 17-206] Exiting Vivado at Thu Dec 23 09:48:51 2021...
